C:\USERS\PROBOOK\DESKTOP\PONG\BULLET\DEBUG\BTACTIVATINGCOLLISIONALGORITHM.OBJ
C:\USERS\PROBOOK\DESKTOP\PONG\BULLET\DEBUG\BTALIGNEDALLOCATOR.OBJ
C:\USERS\PROBOOK\DESKTOP\PONG\BULLET\DEBUG\BTAXISSWEEP3.OBJ
C:\USERS\PROBOOK\DESKTOP\PONG\BULLET\DEBUG\BTBOX2DBOX2DCOLLISIONALGORITHM.OBJ
C:\USERS\PROBOOK\DESKTOP\PONG\BULLET\DEBUG\BTBOX2DSHAPE.OBJ
C:\USERS\PROBOOK\DESKTOP\PONG\BULLET\DEBUG\BTBOXBOXCOLLISIONALGORITHM.OBJ
C:\USERS\PROBOOK\DESKTOP\PONG\BULLET\DEBUG\BTBOXBOXDETECTOR.OBJ
C:\USERS\PROBOOK\DESKTOP\PONG\BULLET\DEBUG\BTBOXSHAPE.OBJ
C:\USERS\PROBOOK\DESKTOP\PONG\BULLET\DEBUG\BTBROADPHASEPROXY.OBJ
C:\USERS\PROBOOK\DESKTOP\PONG\BULLET\DEBUG\BTBVHTRIANGLEMESHSHAPE.OBJ
C:\USERS\PROBOOK\DESKTOP\PONG\BULLET\DEBUG\BTCAPSULESHAPE.OBJ
C:\USERS\PROBOOK\DESKTOP\PONG\BULLET\DEBUG\BTCOLLISIONALGORITHM.OBJ
C:\USERS\PROBOOK\DESKTOP\PONG\BULLET\DEBUG\BTCOLLISIONDISPATCHER.OBJ
C:\USERS\PROBOOK\DESKTOP\PONG\BULLET\DEBUG\BTCOLLISIONOBJECT.OBJ
C:\USERS\PROBOOK\DESKTOP\PONG\BULLET\DEBUG\BTCOLLISIONSHAPE.OBJ
C:\USERS\PROBOOK\DESKTOP\PONG\BULLET\DEBUG\BTCOLLISIONWORLD.OBJ
C:\USERS\PROBOOK\DESKTOP\PONG\BULLET\DEBUG\BTCOMPOUNDCOLLISIONALGORITHM.OBJ
C:\USERS\PROBOOK\DESKTOP\PONG\BULLET\DEBUG\BTCOMPOUNDSHAPE.OBJ
C:\USERS\PROBOOK\DESKTOP\PONG\BULLET\DEBUG\BTCONCAVESHAPE.OBJ
C:\USERS\PROBOOK\DESKTOP\PONG\BULLET\DEBUG\BTCONESHAPE.OBJ
C:\USERS\PROBOOK\DESKTOP\PONG\BULLET\DEBUG\BTCONETWISTCONSTRAINT.OBJ
C:\USERS\PROBOOK\DESKTOP\PONG\BULLET\DEBUG\BTCONTACTCONSTRAINT.OBJ
C:\USERS\PROBOOK\DESKTOP\PONG\BULLET\DEBUG\BTCONTACTPROCESSING.OBJ
C:\USERS\PROBOOK\DESKTOP\PONG\BULLET\DEBUG\BTCONTINUOUSCONVEXCOLLISION.OBJ
C:\USERS\PROBOOK\DESKTOP\PONG\BULLET\DEBUG\BTCONVEX2DCONVEX2DALGORITHM.OBJ
C:\USERS\PROBOOK\DESKTOP\PONG\BULLET\DEBUG\BTCONVEX2DSHAPE.OBJ
C:\USERS\PROBOOK\DESKTOP\PONG\BULLET\DEBUG\BTCONVEXCAST.OBJ
C:\USERS\PROBOOK\DESKTOP\PONG\BULLET\DEBUG\BTCONVEXCONCAVECOLLISIONALGORITHM.OBJ
C:\USERS\PROBOOK\DESKTOP\PONG\BULLET\DEBUG\BTCONVEXCONVEXALGORITHM.OBJ
C:\USERS\PROBOOK\DESKTOP\PONG\BULLET\DEBUG\BTCONVEXHULL.OBJ
C:\USERS\PROBOOK\DESKTOP\PONG\BULLET\DEBUG\BTCONVEXHULLCOMPUTER.OBJ
C:\USERS\PROBOOK\DESKTOP\PONG\BULLET\DEBUG\BTCONVEXHULLSHAPE.OBJ
C:\USERS\PROBOOK\DESKTOP\PONG\BULLET\DEBUG\BTCONVEXINTERNALSHAPE.OBJ
C:\USERS\PROBOOK\DESKTOP\PONG\BULLET\DEBUG\BTCONVEXPLANECOLLISIONALGORITHM.OBJ
C:\USERS\PROBOOK\DESKTOP\PONG\BULLET\DEBUG\BTCONVEXPOINTCLOUDSHAPE.OBJ
C:\USERS\PROBOOK\DESKTOP\PONG\BULLET\DEBUG\BTCONVEXPOLYHEDRON.OBJ
C:\USERS\PROBOOK\DESKTOP\PONG\BULLET\DEBUG\BTCONVEXSHAPE.OBJ
C:\USERS\PROBOOK\DESKTOP\PONG\BULLET\DEBUG\BTCONVEXTRIANGLEMESHSHAPE.OBJ
C:\USERS\PROBOOK\DESKTOP\PONG\BULLET\DEBUG\BTCYLINDERSHAPE.OBJ
C:\USERS\PROBOOK\DESKTOP\PONG\BULLET\DEBUG\BTDBVT.OBJ
C:\USERS\PROBOOK\DESKTOP\PONG\BULLET\DEBUG\BTDBVTBROADPHASE.OBJ
C:\USERS\PROBOOK\DESKTOP\PONG\BULLET\DEBUG\BTDEFAULTCOLLISIONCONFIGURATION.OBJ
C:\USERS\PROBOOK\DESKTOP\PONG\BULLET\DEBUG\BTDISCRETEDYNAMICSWORLD.OBJ
C:\USERS\PROBOOK\DESKTOP\PONG\BULLET\DEBUG\BTDISPATCHER.OBJ
C:\USERS\PROBOOK\DESKTOP\PONG\BULLET\DEBUG\BTEMPTYCOLLISIONALGORITHM.OBJ
C:\USERS\PROBOOK\DESKTOP\PONG\BULLET\DEBUG\BTEMPTYSHAPE.OBJ
C:\USERS\PROBOOK\DESKTOP\PONG\BULLET\DEBUG\BTGENERIC6DOFCONSTRAINT.OBJ
C:\USERS\PROBOOK\DESKTOP\PONG\BULLET\DEBUG\BTGENERIC6DOFSPRINGCONSTRAINT.OBJ
C:\USERS\PROBOOK\DESKTOP\PONG\BULLET\DEBUG\BTGENERICPOOLALLOCATOR.OBJ
C:\USERS\PROBOOK\DESKTOP\PONG\BULLET\DEBUG\BTGEOMETRYUTIL.OBJ
C:\USERS\PROBOOK\DESKTOP\PONG\BULLET\DEBUG\BTGHOSTOBJECT.OBJ
C:\USERS\PROBOOK\DESKTOP\PONG\BULLET\DEBUG\BTGIMPACTBVH.OBJ
C:\USERS\PROBOOK\DESKTOP\PONG\BULLET\DEBUG\BTGIMPACTCOLLISIONALGORITHM.OBJ
C:\USERS\PROBOOK\DESKTOP\PONG\BULLET\DEBUG\BTGIMPACTQUANTIZEDBVH.OBJ
C:\USERS\PROBOOK\DESKTOP\PONG\BULLET\DEBUG\BTGIMPACTSHAPE.OBJ
C:\USERS\PROBOOK\DESKTOP\PONG\BULLET\DEBUG\BTGJKCONVEXCAST.OBJ
C:\USERS\PROBOOK\DESKTOP\PONG\BULLET\DEBUG\BTGJKEPA2.OBJ
C:\USERS\PROBOOK\DESKTOP\PONG\BULLET\DEBUG\BTGJKEPAPENETRATIONDEPTHSOLVER.OBJ
C:\USERS\PROBOOK\DESKTOP\PONG\BULLET\DEBUG\BTGJKPAIRDETECTOR.OBJ
C:\USERS\PROBOOK\DESKTOP\PONG\BULLET\DEBUG\BTHEIGHTFIELDTERRAINSHAPE.OBJ
C:\USERS\PROBOOK\DESKTOP\PONG\BULLET\DEBUG\BTHINGE2CONSTRAINT.OBJ
C:\USERS\PROBOOK\DESKTOP\PONG\BULLET\DEBUG\BTHINGECONSTRAINT.OBJ
C:\USERS\PROBOOK\DESKTOP\PONG\BULLET\DEBUG\BTINTERNALEDGEUTILITY.OBJ
C:\USERS\PROBOOK\DESKTOP\PONG\BULLET\DEBUG\BTKINEMATICCHARACTERCONTROLLER.OBJ
C:\USERS\PROBOOK\DESKTOP\PONG\BULLET\DEBUG\BTMANIFOLDRESULT.OBJ
C:\USERS\PROBOOK\DESKTOP\PONG\BULLET\DEBUG\BTMINKOWSKIPENETRATIONDEPTHSOLVER.OBJ
C:\USERS\PROBOOK\DESKTOP\PONG\BULLET\DEBUG\BTMINKOWSKISUMSHAPE.OBJ
C:\USERS\PROBOOK\DESKTOP\PONG\BULLET\DEBUG\BTMULTIMATERIALTRIANGLEMESHSHAPE.OBJ
C:\USERS\PROBOOK\DESKTOP\PONG\BULLET\DEBUG\BTMULTISAPBROADPHASE.OBJ
C:\USERS\PROBOOK\DESKTOP\PONG\BULLET\DEBUG\BTMULTISPHERESHAPE.OBJ
C:\USERS\PROBOOK\DESKTOP\PONG\BULLET\DEBUG\BTOPTIMIZEDBVH.OBJ
C:\USERS\PROBOOK\DESKTOP\PONG\BULLET\DEBUG\BTOVERLAPPINGPAIRCACHE.OBJ
C:\USERS\PROBOOK\DESKTOP\PONG\BULLET\DEBUG\BTPERSISTENTMANIFOLD.OBJ
C:\USERS\PROBOOK\DESKTOP\PONG\BULLET\DEBUG\BTPOINT2POINTCONSTRAINT.OBJ
C:\USERS\PROBOOK\DESKTOP\PONG\BULLET\DEBUG\BTPOLYHEDRALCONTACTCLIPPING.OBJ
C:\USERS\PROBOOK\DESKTOP\PONG\BULLET\DEBUG\BTPOLYHEDRALCONVEXSHAPE.OBJ
C:\USERS\PROBOOK\DESKTOP\PONG\BULLET\DEBUG\BTQUANTIZEDBVH.OBJ
C:\USERS\PROBOOK\DESKTOP\PONG\BULLET\DEBUG\BTQUICKPROF.OBJ
C:\USERS\PROBOOK\DESKTOP\PONG\BULLET\DEBUG\BTRAYCASTCALLBACK.OBJ
C:\USERS\PROBOOK\DESKTOP\PONG\BULLET\DEBUG\BTRAYCASTVEHICLE.OBJ
C:\USERS\PROBOOK\DESKTOP\PONG\BULLET\DEBUG\BTRIGIDBODY.OBJ
C:\USERS\PROBOOK\DESKTOP\PONG\BULLET\DEBUG\BTSCALEDBVHTRIANGLEMESHSHAPE.OBJ
C:\USERS\PROBOOK\DESKTOP\PONG\BULLET\DEBUG\BTSEQUENTIALIMPULSECONSTRAINTSOLVER.OBJ
C:\USERS\PROBOOK\DESKTOP\PONG\BULLET\DEBUG\BTSERIALIZER.OBJ
C:\USERS\PROBOOK\DESKTOP\PONG\BULLET\DEBUG\BTSHAPEHULL.OBJ
C:\USERS\PROBOOK\DESKTOP\PONG\BULLET\DEBUG\BTSIMPLEBROADPHASE.OBJ
C:\USERS\PROBOOK\DESKTOP\PONG\BULLET\DEBUG\BTSIMPLEDYNAMICSWORLD.OBJ
C:\USERS\PROBOOK\DESKTOP\PONG\BULLET\DEBUG\BTSIMULATIONISLANDMANAGER.OBJ
C:\USERS\PROBOOK\DESKTOP\PONG\BULLET\DEBUG\BTSLIDERCONSTRAINT.OBJ
C:\USERS\PROBOOK\DESKTOP\PONG\BULLET\DEBUG\BTSOLVE2LINEARCONSTRAINT.OBJ
C:\USERS\PROBOOK\DESKTOP\PONG\BULLET\DEBUG\BTSPHEREBOXCOLLISIONALGORITHM.OBJ
C:\USERS\PROBOOK\DESKTOP\PONG\BULLET\DEBUG\BTSPHERESHAPE.OBJ
C:\USERS\PROBOOK\DESKTOP\PONG\BULLET\DEBUG\BTSPHERESPHERECOLLISIONALGORITHM.OBJ
C:\USERS\PROBOOK\DESKTOP\PONG\BULLET\DEBUG\BTSPHERETRIANGLECOLLISIONALGORITHM.OBJ
C:\USERS\PROBOOK\DESKTOP\PONG\BULLET\DEBUG\BTSTATICPLANESHAPE.OBJ
C:\USERS\PROBOOK\DESKTOP\PONG\BULLET\DEBUG\BTSTRIDINGMESHINTERFACE.OBJ
C:\USERS\PROBOOK\DESKTOP\PONG\BULLET\DEBUG\BTSUBSIMPLEXCONVEXCAST.OBJ
C:\USERS\PROBOOK\DESKTOP\PONG\BULLET\DEBUG\BTTETRAHEDRONSHAPE.OBJ
C:\USERS\PROBOOK\DESKTOP\PONG\BULLET\DEBUG\BTTRIANGLEBUFFER.OBJ
C:\USERS\PROBOOK\DESKTOP\PONG\BULLET\DEBUG\BTTRIANGLECALLBACK.OBJ
C:\USERS\PROBOOK\DESKTOP\PONG\BULLET\DEBUG\BTTRIANGLEINDEXVERTEXARRAY.OBJ
C:\USERS\PROBOOK\DESKTOP\PONG\BULLET\DEBUG\BTTRIANGLEINDEXVERTEXMATERIALARRAY.OBJ
C:\USERS\PROBOOK\DESKTOP\PONG\BULLET\DEBUG\BTTRIANGLEMESH.OBJ
C:\USERS\PROBOOK\DESKTOP\PONG\BULLET\DEBUG\BTTRIANGLEMESHSHAPE.OBJ
C:\USERS\PROBOOK\DESKTOP\PONG\BULLET\DEBUG\BTTRIANGLESHAPEEX.OBJ
C:\USERS\PROBOOK\DESKTOP\PONG\BULLET\DEBUG\BTTYPEDCONSTRAINT.OBJ
C:\USERS\PROBOOK\DESKTOP\PONG\BULLET\DEBUG\BTUNIFORMSCALINGSHAPE.OBJ
C:\USERS\PROBOOK\DESKTOP\PONG\BULLET\DEBUG\BTUNIONFIND.OBJ
C:\USERS\PROBOOK\DESKTOP\PONG\BULLET\DEBUG\BTUNIVERSALCONSTRAINT.OBJ
C:\USERS\PROBOOK\DESKTOP\PONG\BULLET\DEBUG\BTVORONOISIMPLEXSOLVER.OBJ
C:\USERS\PROBOOK\DESKTOP\PONG\BULLET\DEBUG\BTWHEELINFO.OBJ
C:\USERS\PROBOOK\DESKTOP\PONG\BULLET\DEBUG\BULLET-C-API.OBJ
C:\Users\PROBOOK\Desktop\pong\Bullet\Debug\cl.command.1.tlog
C:\Users\PROBOOK\Desktop\pong\Bullet\Debug\CL.read.1.tlog
C:\Users\PROBOOK\Desktop\pong\Bullet\Debug\CL.write.1.tlog
C:\USERS\PROBOOK\DESKTOP\PONG\BULLET\DEBUG\GIM_BOX_SET.OBJ
C:\USERS\PROBOOK\DESKTOP\PONG\BULLET\DEBUG\GIM_CONTACT.OBJ
C:\USERS\PROBOOK\DESKTOP\PONG\BULLET\DEBUG\GIM_MEMORY.OBJ
C:\USERS\PROBOOK\DESKTOP\PONG\BULLET\DEBUG\GIM_TRI_COLLISION.OBJ
C:\Users\PROBOOK\Desktop\pong\Bullet\Debug\lib.command.1.tlog
C:\Users\PROBOOK\Desktop\pong\Bullet\Debug\Lib-link.read.1.tlog
C:\Users\PROBOOK\Desktop\pong\Bullet\Debug\Lib-link.write.1.tlog
C:\USERS\PROBOOK\DESKTOP\PONG\BULLET\DEBUG\SPHERETRIANGLEDETECTOR.OBJ
C:\Users\PROBOOK\Desktop\pong\Bullet\Debug\vc100.idb
C:\USERS\PROBOOK\DESKTOP\PONG\BULLET\DEBUG\VC100.PDB
C:\USERS\PROBOOK\DESKTOP\PONG\DEBUG\BULLET.LIB
