C:\USERS\PROBOOK\DESKTOP\PONG\DEBUG\PONG.EXE
C:\Users\PROBOOK\Desktop\pong\Debug\pong.exp
C:\USERS\PROBOOK\DESKTOP\PONG\DEBUG\PONG.ILK
C:\Users\PROBOOK\Desktop\pong\Debug\pong.lib
C:\USERS\PROBOOK\DESKTOP\PONG\DEBUG\PONG.PDB
C:\USERS\PROBOOK\DESKTOP\PONG\PONG\DEBUG\AUDIOWRAPPER.OBJ
C:\USERS\PROBOOK\DESKTOP\PONG\PONG\DEBUG\BACKGROUND.OBJ
C:\USERS\PROBOOK\DESKTOP\PONG\PONG\DEBUG\BALL.OBJ
C:\USERS\PROBOOK\DESKTOP\PONG\PONG\DEBUG\BUMPER.OBJ
C:\Users\PROBOOK\Desktop\pong\pong\Debug\cl.command.1.tlog
C:\Users\PROBOOK\Desktop\pong\pong\Debug\CL.read.1.tlog
C:\Users\PROBOOK\Desktop\pong\pong\Debug\CL.write.1.tlog
C:\USERS\PROBOOK\DESKTOP\PONG\PONG\DEBUG\COMPONENT.OBJ
C:\USERS\PROBOOK\DESKTOP\PONG\PONG\DEBUG\DATATYPES.OBJ
C:\USERS\PROBOOK\DESKTOP\PONG\PONG\DEBUG\ENDSTATE.OBJ
C:\USERS\PROBOOK\DESKTOP\PONG\PONG\DEBUG\FINITESTATEMACHINE.OBJ
C:\USERS\PROBOOK\DESKTOP\PONG\PONG\DEBUG\FSMSTATE.OBJ
C:\USERS\PROBOOK\DESKTOP\PONG\PONG\DEBUG\GAMEOBJECTSYSTEM.OBJ
C:\USERS\PROBOOK\DESKTOP\PONG\PONG\DEBUG\GAMERULESCOMPONENT.OBJ
C:\USERS\PROBOOK\DESKTOP\PONG\PONG\DEBUG\GAMESTATE.OBJ
C:\USERS\PROBOOK\DESKTOP\PONG\PONG\DEBUG\GFXGEOMETRY.OBJ
C:\USERS\PROBOOK\DESKTOP\PONG\PONG\DEBUG\GFXTEXTURE.OBJ
C:\USERS\PROBOOK\DESKTOP\PONG\PONG\DEBUG\GRAPHICSCOMPONENT.OBJ
C:\USERS\PROBOOK\DESKTOP\PONG\PONG\DEBUG\GRAPHICSDEBUGGER.OBJ
C:\USERS\PROBOOK\DESKTOP\PONG\PONG\DEBUG\HPHA.OBJ
C:\USERS\PROBOOK\DESKTOP\PONG\PONG\DEBUG\INPUTMANAGER.OBJ
C:\USERS\PROBOOK\DESKTOP\PONG\PONG\DEBUG\KEYBOARDINPUTMANAGER.OBJ
C:\Users\PROBOOK\Desktop\pong\pong\Debug\link.command.1.tlog
C:\Users\PROBOOK\Desktop\pong\pong\Debug\link.read.1.tlog
C:\Users\PROBOOK\Desktop\pong\pong\Debug\link.write.1.tlog
C:\Users\PROBOOK\Desktop\pong\pong\Debug\link-cvtres.read.1.tlog
C:\Users\PROBOOK\Desktop\pong\pong\Debug\link-cvtres.write.1.tlog
C:\USERS\PROBOOK\DESKTOP\PONG\PONG\DEBUG\MOTIONSTATE.OBJ
C:\Users\PROBOOK\Desktop\pong\pong\Debug\mt.command.1.tlog
C:\Users\PROBOOK\Desktop\pong\pong\Debug\mt.read.1.tlog
C:\Users\PROBOOK\Desktop\pong\pong\Debug\mt.write.1.tlog
C:\USERS\PROBOOK\DESKTOP\PONG\PONG\DEBUG\OBJECTPROPERTY.OBJ
C:\USERS\PROBOOK\DESKTOP\PONG\PONG\DEBUG\PAUSESTATE.OBJ
C:\USERS\PROBOOK\DESKTOP\PONG\PONG\DEBUG\PHYSICSBODY.OBJ
C:\USERS\PROBOOK\DESKTOP\PONG\PONG\DEBUG\PHYSICSCOMPONENT.OBJ
C:\USERS\PROBOOK\DESKTOP\PONG\PONG\DEBUG\PHYSICSGFXDEBUGGER.OBJ
C:\USERS\PROBOOK\DESKTOP\PONG\PONG\DEBUG\PONG.EXE.EMBED.MANIFEST
C:\USERS\PROBOOK\DESKTOP\PONG\PONG\DEBUG\PONG.EXE.EMBED.MANIFEST.RES
C:\USERS\PROBOOK\DESKTOP\PONG\PONG\DEBUG\PONG.EXE.INTERMEDIATE.MANIFEST
C:\USERS\PROBOOK\DESKTOP\PONG\PONG\DEBUG\PONG.OBJ
C:\USERS\PROBOOK\DESKTOP\PONG\PONG\DEBUG\PONG.PCH
C:\USERS\PROBOOK\DESKTOP\PONG\PONG\DEBUG\PONG.RES
C:\Users\PROBOOK\Desktop\pong\pong\Debug\pong.write.1.tlog
C:\Users\PROBOOK\Desktop\pong\pong\Debug\pong_manifest.rc
C:\USERS\PROBOOK\DESKTOP\PONG\PONG\DEBUG\POSITION.OBJ
C:\USERS\PROBOOK\DESKTOP\PONG\PONG\DEBUG\POSITIONCONTROLLERCOMPONENT.OBJ
C:\USERS\PROBOOK\DESKTOP\PONG\PONG\DEBUG\POSITIONCONTROLLERPROPERTY.OBJ
C:\Users\PROBOOK\Desktop\pong\pong\Debug\rc.command.1.tlog
C:\Users\PROBOOK\Desktop\pong\pong\Debug\rc.read.1.tlog
C:\Users\PROBOOK\Desktop\pong\pong\Debug\rc.write.1.tlog
C:\USERS\PROBOOK\DESKTOP\PONG\PONG\DEBUG\SDKWAVEFILE.OBJ
C:\USERS\PROBOOK\DESKTOP\PONG\PONG\DEBUG\STARTSTATE.OBJ
C:\USERS\PROBOOK\DESKTOP\PONG\PONG\DEBUG\STDAFX.OBJ
C:\USERS\PROBOOK\DESKTOP\PONG\PONG\DEBUG\STRINGHASH.OBJ
C:\USERS\PROBOOK\DESKTOP\PONG\PONG\DEBUG\TEXTUREMANAGER.OBJ
C:\USERS\PROBOOK\DESKTOP\PONG\PONG\DEBUG\TRANSITIONOBSERVER.OBJ
C:\Users\PROBOOK\Desktop\pong\pong\Debug\vc100.idb
C:\USERS\PROBOOK\DESKTOP\PONG\PONG\DEBUG\VC100.PDB
